2025-04-17 17:23:22 [32minfo[39m: [32mConectado ao banco de dados com sucesso![39m
2025-04-17 17:24:36 [32minfo[39m: [32mConnected to database[39m
2025-04-17 17:24:36 [32minfo[39m: [32mConectado ao banco de dados com sucesso![39m
2025-04-17 17:37:47 [32minfo[39m: [32mConnected to database[39m
2025-04-17 17:37:47 [32minfo[39m: [32mConectado ao banco de dados com sucesso![39m
2025-04-17 17:41:03 [31merror[39m: [31mError connecting to database[39m
2025-04-17 17:41:03 [32minfo[39m: [32mConectado ao banco de dados com sucesso![39m
2025-04-17 17:41:24 [32minfo[39m: [32mConnected to database[39m
2025-04-17 17:41:24 [32minfo[39m: [32mConectado ao banco de dados com sucesso![39m
2025-04-17 17:42:00 [32minfo[39m: [32mConnected to database[39m
2025-04-17 17:42:00 [32minfo[39m: [32mConectado ao banco de dados com sucesso![39m
2025-04-17 17:42:56 [32minfo[39m: [32mConnected to database[39m
2025-04-17 17:42:56 [32minfo[39m: [32mConectado ao banco de dados com sucesso![39m
2025-04-17 17:51:34 [32minfo[39m: [32mConnected to database[39m
2025-04-17 17:51:34 [32minfo[39m: [32mConectado ao banco de dados com sucesso![39m
2025-04-17 17:51:57 [32minfo[39m: [32mConnected to database[39m
2025-04-17 17:51:57 [32minfo[39m: [32mConectado ao banco de dados com sucesso![39m
2025-04-17 17:52:09 [32minfo[39m: [32mConnected to database[39m
2025-04-17 17:52:09 [32minfo[39m: [32mConectado ao banco de dados com sucesso![39m
2025-04-17 17:52:48 [32minfo[39m: [32mConnected to database[39m
2025-04-17 17:52:48 [32minfo[39m: [32mConectado ao banco de dados com sucesso![39m
2025-04-17 17:55:16 [32minfo[39m: [32mConnected to database[39m
2025-04-17 17:55:16 [32minfo[39m: [32mConectado ao banco de dados com sucesso![39m
2025-04-17 17:55:32 [32minfo[39m: [32mConnected to database[39m
2025-04-17 17:55:32 [32minfo[39m: [32mConectado ao banco de dados com sucesso![39m
2025-04-17 18:00:13 [32minfo[39m: [32mConnected to database[39m
2025-04-17 18:00:13 [32minfo[39m: [32mConectado ao banco de dados com sucesso![39m
2025-04-17 18:02:53 [32minfo[39m: [32mConnected to database[39m
2025-04-17 18:02:53 [32minfo[39m: [32mConectado ao banco de dados com sucesso![39m
2025-04-17 18:03:01 [35mhttp[39m: [35m[Function: trim][39m
2025-04-17 18:03:18 [32minfo[39m: [32mConnected to database[39m
2025-04-17 18:03:18 [32minfo[39m: [32mConectado ao banco de dados com sucesso![39m
2025-04-17 18:03:22 [35mhttp[39m: [35mGET /api/teste 200 12 - 6.131 ms[39m
[35m[39m
